app/build/intermediates/manifest_merge_blame_file/debug/processDebugMainManifest/manifest-merger-blame-debug-report.txt
1<?xml version="1.0" encoding="utf-8"?>
2<manifest xmlns:android="http://schemas.android.com/apk/res/android"
3    package="com.carbonwise.app"
4    android:versionCode="1"
5    android:versionName="1.0.0" >
6
7    <uses-sdk
8        android:minSdkVersion="26"
9        android:targetSdkVersion="35" />
10
11    <uses-permission android:name="android.permission.INTERNET" />
11-->src\main\AndroidManifest.xml:5:5-67
11-->src\main\AndroidManifest.xml:5:22-64
12    <uses-permission android:name="android.permission.ACCESS_NETWORK_STATE" />
12-->src\main\AndroidManifest.xml:6:5-79
12-->src\main\AndroidManifest.xml:6:22-76
13    <uses-permission android:name="android.permission.POST_NOTIFICATIONS" />
13-->src\main\AndroidManifest.xml:7:5-77
13-->src\main\AndroidManifest.xml:7:22-74
14    <uses-permission android:name="android.permission.SCHEDULE_EXACT_ALARM" />
14-->src\main\AndroidManifest.xml:8:5-79
14-->src\main\AndroidManifest.xml:8:22-76
15    <uses-permission android:name="android.permission.USE_EXACT_ALARM" />
15-->src\main\AndroidManifest.xml:9:5-74
15-->src\main\AndroidManifest.xml:9:22-71
16    <uses-permission android:name="android.permission.RECEIVE_BOOT_COMPLETED" />
16-->src\main\AndroidManifest.xml:10:5-81
16-->src\main\AndroidManifest.xml:10:22-78
17    <uses-permission android:name="android.permission.WAKE_LOCK" />
17-->[androidx.work:work-runtime:2.9.1] AndroidManifest.xml:23:5-68
17-->[androidx.work:work-runtime:2.9.1] AndroidManifest.xml:23:22-65
18    <uses-permission android:name="android.permission.FOREGROUND_SERVICE" /> <!-- Required by older versions of Google Play services to create IID tokens -->
18-->[androidx.work:work-runtime:2.9.1] AndroidManifest.xml:26:5-77
18-->[androidx.work:work-runtime:2.9.1] AndroidManifest.xml:26:22-74
19    <uses-permission android:name="com.google.android.c2dm.permission.RECEIVE" />
19-->[com.google.firebase:firebase-messaging:25.1.0] AndroidManifest.xml:26:5-82
19-->[com.google.firebase:firebase-messaging:25.1.0] AndroidManifest.xml:26:22-79
20    <uses-permission android:name="com.google.android.finsky.permission.BIND_GET_INSTALL_REFERRER_SERVICE" />
20-->[com.google.android.gms:play-services-measurement:23.2.0] AndroidManifest.xml:26:5-110
20-->[com.google.android.gms:play-services-measurement:23.2.0] AndroidManifest.xml:26:22-107
21    <uses-permission android:name="com.google.android.gms.permission.AD_ID" />
21-->[com.google.android.gms:play-services-measurement-api:23.2.0] AndroidManifest.xml:25:5-79
21-->[com.google.android.gms:play-services-measurement-api:23.2.0] AndroidManifest.xml:25:22-76
22    <uses-permission android:name="android.permission.ACCESS_ADSERVICES_ATTRIBUTION" />
22-->[com.google.android.gms:play-services-measurement-api:23.2.0] AndroidManifest.xml:26:5-88
22-->[com.google.android.gms:play-services-measurement-api:23.2.0] AndroidManifest.xml:26:22-85
23    <uses-permission android:name="android.permission.ACCESS_ADSERVICES_AD_ID" />
23-->[com.google.android.gms:play-services-measurement-api:23.2.0] AndroidManifest.xml:27:5-82
23-->[com.google.android.gms:play-services-measurement-api:23.2.0] AndroidManifest.xml:27:22-79
24    <uses-permission android:name="com.google.android.providers.gsf.permission.READ_GSERVICES" />
24-->[com.google.android.recaptcha:recaptcha:18.6.1] AndroidManifest.xml:9:5-98
24-->[com.google.android.recaptcha:recaptcha:18.6.1] AndroidManifest.xml:9:22-95
25
26    <permission
26-->[androidx.core:core:1.13.1] AndroidManifest.xml:22:5-24:47
27        android:name="com.carbonwise.app.DYNAMIC_RECEIVER_NOT_EXPORTED_PERMISSION"
27-->[androidx.core:core:1.13.1] AndroidManifest.xml:23:9-81
28        android:protectionLevel="signature" />
28-->[androidx.core:core:1.13.1] AndroidManifest.xml:24:9-44
29
30    <uses-permission android:name="com.carbonwise.app.DYNAMIC_RECEIVER_NOT_EXPORTED_PERMISSION" />
30-->[androidx.core:core:1.13.1] AndroidManifest.xml:26:5-97
30-->[androidx.core:core:1.13.1] AndroidManifest.xml:26:22-94
31
32    <application
32-->src\main\AndroidManifest.xml:12:5-93:19
33        android:name="com.carbonwise.app.CarbonWiseApplication"
33-->src\main\AndroidManifest.xml:13:9-46
34        android:allowBackup="true"
34-->src\main\AndroidManifest.xml:14:9-35
35        android:appComponentFactory="androidx.core.app.CoreComponentFactory"
35-->[androidx.core:core:1.13.1] AndroidManifest.xml:28:18-86
36        android:dataExtractionRules="@xml/data_extraction_rules"
36-->src\main\AndroidManifest.xml:15:9-65
37        android:debuggable="true"
38        android:extractNativeLibs="false"
39        android:fullBackupContent="@xml/backup_rules"
39-->src\main\AndroidManifest.xml:16:9-54
40        android:icon="@mipmap/ic_launcher"
40-->src\main\AndroidManifest.xml:17:9-43
41        android:label="@string/app_name"
41-->src\main\AndroidManifest.xml:18:9-41
42        android:roundIcon="@mipmap/ic_launcher_round"
42-->src\main\AndroidManifest.xml:19:9-54
43        android:supportsRtl="true"
43-->src\main\AndroidManifest.xml:20:9-35
44        android:testOnly="true"
45        android:theme="@style/Theme.CarbonWise"
45-->src\main\AndroidManifest.xml:21:9-48
46        android:usesCleartextTraffic="false" >
46-->src\main\AndroidManifest.xml:22:9-45
47
48        <!-- Main Activity -->
49        <activity
49-->src\main\AndroidManifest.xml:26:9-37:20
50            android:name="com.carbonwise.app.ui.MainActivity"
50-->src\main\AndroidManifest.xml:27:13-44
51            android:exported="true"
51-->src\main\AndroidManifest.xml:28:13-36
52            android:screenOrientation="portrait"
52-->src\main\AndroidManifest.xml:29:13-49
53            android:theme="@style/Theme.CarbonWise"
53-->src\main\AndroidManifest.xml:30:13-52
54            android:windowSoftInputMode="adjustPan" >
54-->src\main\AndroidManifest.xml:31:13-52
55            <intent-filter>
55-->src\main\AndroidManifest.xml:33:13-36:29
56                <action android:name="android.intent.action.MAIN" />
56-->src\main\AndroidManifest.xml:34:17-69
56-->src\main\AndroidManifest.xml:34:25-66
57
58                <category android:name="android.intent.category.LAUNCHER" />
58-->src\main\AndroidManifest.xml:35:17-77
58-->src\main\AndroidManifest.xml:35:27-74
59            </intent-filter>
60        </activity>
61
62        <!-- Onboarding Activity -->
63        <activity
63-->src\main\AndroidManifest.xml:40:9-45:56
64            android:name="com.carbonwise.app.ui.onboarding.OnboardingActivity"
64-->src\main\AndroidManifest.xml:41:13-61
65            android:exported="false"
65-->src\main\AndroidManifest.xml:42:13-37
66            android:screenOrientation="portrait"
66-->src\main\AndroidManifest.xml:43:13-49
67            android:theme="@style/Theme.CarbonWise" />
67-->src\main\AndroidManifest.xml:44:13-52
68
69        <!-- AI Chat Activity -->
70        <activity
70-->src\main\AndroidManifest.xml:48:9-55:56
71            android:name="com.carbonwise.app.ui.chat.AiChatActivity"
71-->src\main\AndroidManifest.xml:49:13-51
72            android:exported="false"
72-->src\main\AndroidManifest.xml:50:13-37
73            android:parentActivityName="com.carbonwise.app.ui.MainActivity"
73-->src\main\AndroidManifest.xml:51:13-58
74            android:screenOrientation="portrait"
74-->src\main\AndroidManifest.xml:52:13-49
75            android:theme="@style/Theme.CarbonWise"
75-->src\main\AndroidManifest.xml:53:13-52
76            android:windowSoftInputMode="adjustResize" />
76-->src\main\AndroidManifest.xml:54:13-55
77
78        <!-- Firebase Messaging Service -->
79        <service
79-->src\main\AndroidManifest.xml:58:9-64:19
80            android:name="com.carbonwise.app.service.CarbonWiseFirebaseMessagingService"
80-->src\main\AndroidManifest.xml:59:13-71
81            android:exported="false" >
81-->src\main\AndroidManifest.xml:60:13-37
82            <intent-filter>
82-->src\main\AndroidManifest.xml:61:13-63:29
83                <action android:name="com.google.firebase.MESSAGING_EVENT" />
83-->src\main\AndroidManifest.xml:62:17-78
83-->src\main\AndroidManifest.xml:62:25-75
84            </intent-filter>
85        </service>
86
87        <!-- Daily Reminder Worker -->
88        <receiver
88-->src\main\AndroidManifest.xml:67:9-70:40
89            android:name="com.carbonwise.app.receiver.DailyReminderReceiver"
89-->src\main\AndroidManifest.xml:68:13-59
90            android:enabled="true"
90-->src\main\AndroidManifest.xml:69:13-35
91            android:exported="false" />
91-->src\main\AndroidManifest.xml:70:13-37
92
93        <!-- Boot Receiver -->
94        <receiver
94-->src\main\AndroidManifest.xml:73:9-80:20
95            android:name="com.carbonwise.app.receiver.BootReceiver"
95-->src\main\AndroidManifest.xml:74:13-50
96            android:enabled="true"
96-->src\main\AndroidManifest.xml:75:13-35
97            android:exported="true" >
97-->src\main\AndroidManifest.xml:76:13-36
98            <intent-filter>
98-->src\main\AndroidManifest.xml:77:13-79:29
99                <action android:name="android.intent.action.BOOT_COMPLETED" />
99-->src\main\AndroidManifest.xml:78:17-79
99-->src\main\AndroidManifest.xml:78:25-76
100            </intent-filter>
101        </receiver>
102
103        <!-- Meta-data for Firebase -->
104        <meta-data
104-->src\main\AndroidManifest.xml:83:9-85:71
105            android:name="com.google.firebase.messaging.default_notification_channel_id"
105-->src\main\AndroidManifest.xml:84:13-89
106            android:value="@string/default_notification_channel_id" />
106-->src\main\AndroidManifest.xml:85:13-68
107        <meta-data
107-->src\main\AndroidManifest.xml:86:9-88:52
108            android:name="com.google.firebase.messaging.default_notification_icon"
108-->src\main\AndroidManifest.xml:87:13-83
109            android:resource="@drawable/ic_leaf" />
109-->src\main\AndroidManifest.xml:88:13-49
110        <meta-data
110-->src\main\AndroidManifest.xml:89:9-91:55
111            android:name="com.google.firebase.messaging.default_notification_color"
111-->src\main\AndroidManifest.xml:90:13-84
112            android:resource="@color/emerald_green" />
112-->src\main\AndroidManifest.xml:91:13-52
113
114        <provider
114-->[androidx.work:work-runtime:2.9.1] AndroidManifest.xml:29:9-37:20
115            android:name="androidx.startup.InitializationProvider"
115-->[androidx.work:work-runtime:2.9.1] AndroidManifest.xml:30:13-67
116            android:authorities="com.carbonwise.app.androidx-startup"
116-->[androidx.work:work-runtime:2.9.1] AndroidManifest.xml:31:13-68
117            android:exported="false" >
117-->[androidx.work:work-runtime:2.9.1] AndroidManifest.xml:32:13-37
118            <meta-data
118-->[androidx.work:work-runtime:2.9.1] AndroidManifest.xml:34:13-36:52
119                android:name="androidx.work.WorkManagerInitializer"
119-->[androidx.work:work-runtime:2.9.1] AndroidManifest.xml:35:17-68
120                android:value="androidx.startup" />
120-->[androidx.work:work-runtime:2.9.1] AndroidManifest.xml:36:17-49
121            <meta-data
121-->[androidx.emoji2:emoji2:1.3.0] AndroidManifest.xml:29:13-31:52
122                android:name="androidx.emoji2.text.EmojiCompatInitializer"
122-->[androidx.emoji2:emoji2:1.3.0] AndroidManifest.xml:30:17-75
123                android:value="androidx.startup" />
123-->[androidx.emoji2:emoji2:1.3.0] AndroidManifest.xml:31:17-49
124            <meta-data
124-->[androidx.lifecycle:lifecycle-process:2.8.7] AndroidManifest.xml:29:13-31:52
125                android:name="androidx.lifecycle.ProcessLifecycleInitializer"
125-->[androidx.lifecycle:lifecycle-process:2.8.7] AndroidManifest.xml:30:17-78
126                android:value="androidx.startup" />
126-->[androidx.lifecycle:lifecycle-process:2.8.7] AndroidManifest.xml:31:17-49
127            <meta-data
127-->[androidx.profileinstaller:profileinstaller:1.3.1] AndroidManifest.xml:29:13-31:52
128                android:name="androidx.profileinstaller.ProfileInstallerInitializer"
128-->[androidx.profileinstaller:profileinstaller:1.3.1] AndroidManifest.xml:30:17-85
129                android:value="androidx.startup" />
129-->[androidx.profileinstaller:profileinstaller:1.3.1] AndroidManifest.xml:31:17-49
130        </provider>
131
132        <service
132-->[androidx.work:work-runtime:2.9.1] AndroidManifest.xml:39:9-45:35
133            android:name="androidx.work.impl.background.systemalarm.SystemAlarmService"
133-->[androidx.work:work-runtime:2.9.1] AndroidManifest.xml:40:13-88
134            android:directBootAware="false"
134-->[androidx.work:work-runtime:2.9.1] AndroidManifest.xml:41:13-44
135            android:enabled="@bool/enable_system_alarm_service_default"
135-->[androidx.work:work-runtime:2.9.1] AndroidManifest.xml:42:13-72
136            android:exported="false" />
136-->[androidx.work:work-runtime:2.9.1] AndroidManifest.xml:43:13-37
137        <service
137-->[androidx.work:work-runtime:2.9.1] AndroidManifest.xml:46:9-52:35
138            android:name="androidx.work.impl.background.systemjob.SystemJobService"
138-->[androidx.work:work-runtime:2.9.1] AndroidManifest.xml:47:13-84
139            android:directBootAware="false"
139-->[androidx.work:work-runtime:2.9.1] AndroidManifest.xml:48:13-44
140            android:enabled="@bool/enable_system_job_service_default"
140-->[androidx.work:work-runtime:2.9.1] AndroidManifest.xml:49:13-70
141            android:exported="true"
141-->[androidx.work:work-runtime:2.9.1] AndroidManifest.xml:50:13-36
142            android:permission="android.permission.BIND_JOB_SERVICE" />
142-->[androidx.work:work-runtime:2.9.1] AndroidManifest.xml:51:13-69
143        <service
143-->[androidx.work:work-runtime:2.9.1] AndroidManifest.xml:53:9-59:35
144            android:name="androidx.work.impl.foreground.SystemForegroundService"
144-->[androidx.work:work-runtime:2.9.1] AndroidManifest.xml:54:13-81
145            android:directBootAware="false"
145-->[androidx.work:work-runtime:2.9.1] AndroidManifest.xml:55:13-44
146            android:enabled="@bool/enable_system_foreground_service_default"
146-->[androidx.work:work-runtime:2.9.1] AndroidManifest.xml:56:13-77
147            android:exported="false" />
147-->[androidx.work:work-runtime:2.9.1] AndroidManifest.xml:57:13-37
148
149        <receiver
149-->[androidx.work:work-runtime:2.9.1] AndroidManifest.xml:61:9-66:35
150            android:name="androidx.work.impl.utils.ForceStopRunnable$BroadcastReceiver"
150-->[androidx.work:work-runtime:2.9.1] AndroidManifest.xml:62:13-88
151            android:directBootAware="false"
151-->[androidx.work:work-runtime:2.9.1] AndroidManifest.xml:63:13-44
152            android:enabled="true"
152-->[androidx.work:work-runtime:2.9.1] AndroidManifest.xml:64:13-35
153            android:exported="false" />
153-->[androidx.work:work-runtime:2.9.1] AndroidManifest.xml:65:13-37
154        <receiver
154-->[androidx.work:work-runtime:2.9.1] AndroidManifest.xml:67:9-77:20
155            android:name="androidx.work.impl.background.systemalarm.ConstraintProxy$BatteryChargingProxy"
155-->[androidx.work:work-runtime:2.9.1] AndroidManifest.xml:68:13-106
156            android:directBootAware="false"
156-->[androidx.work:work-runtime:2.9.1] AndroidManifest.xml:69:13-44
157            android:enabled="false"
157-->[androidx.work:work-runtime:2.9.1] AndroidManifest.xml:70:13-36
158            android:exported="false" >
158-->[androidx.work:work-runtime:2.9.1] AndroidManifest.xml:71:13-37
159            <intent-filter>
159-->[androidx.work:work-runtime:2.9.1] AndroidManifest.xml:73:13-76:29
160                <action android:name="android.intent.action.ACTION_POWER_CONNECTED" />
160-->[androidx.work:work-runtime:2.9.1] AndroidManifest.xml:74:17-87
160-->[androidx.work:work-runtime:2.9.1] AndroidManifest.xml:74:25-84
161                <action android:name="android.intent.action.ACTION_POWER_DISCONNECTED" />
161-->[androidx.work:work-runtime:2.9.1] AndroidManifest.xml:75:17-90
161-->[androidx.work:work-runtime:2.9.1] AndroidManifest.xml:75:25-87
162            </intent-filter>
163        </receiver>
164        <receiver
164-->[androidx.work:work-runtime:2.9.1] AndroidManifest.xml:78:9-88:20
165            android:name="androidx.work.impl.background.systemalarm.ConstraintProxy$BatteryNotLowProxy"
165-->[androidx.work:work-runtime:2.9.1] AndroidManifest.xml:79:13-104
166            android:directBootAware="false"
166-->[androidx.work:work-runtime:2.9.1] AndroidManifest.xml:80:13-44
167            android:enabled="false"
167-->[androidx.work:work-runtime:2.9.1] AndroidManifest.xml:81:13-36
168            android:exported="false" >
168-->[androidx.work:work-runtime:2.9.1] AndroidManifest.xml:82:13-37
169            <intent-filter>
169-->[androidx.work:work-runtime:2.9.1] AndroidManifest.xml:84:13-87:29
170                <action android:name="android.intent.action.BATTERY_OKAY" />
170-->[androidx.work:work-runtime:2.9.1] AndroidManifest.xml:85:17-77
170-->[androidx.work:work-runtime:2.9.1] AndroidManifest.xml:85:25-74
171                <action android:name="android.intent.action.BATTERY_LOW" />
171-->[androidx.work:work-runtime:2.9.1] AndroidManifest.xml:86:17-76
171-->[androidx.work:work-runtime:2.9.1] AndroidManifest.xml:86:25-73
172            </intent-filter>
173        </receiver>
174        <receiver
174-->[androidx.work:work-runtime:2.9.1] AndroidManifest.xml:89:9-99:20
175            android:name="androidx.work.impl.background.systemalarm.ConstraintProxy$StorageNotLowProxy"
175-->[androidx.work:work-runtime:2.9.1] AndroidManifest.xml:90:13-104
176            android:directBootAware="false"
176-->[androidx.work:work-runtime:2.9.1] AndroidManifest.xml:91:13-44
177            android:enabled="false"
177-->[androidx.work:work-runtime:2.9.1] AndroidManifest.xml:92:13-36
178            android:exported="false" >
178-->[androidx.work:work-runtime:2.9.1] AndroidManifest.xml:93:13-37
179            <intent-filter>
179-->[androidx.work:work-runtime:2.9.1] AndroidManifest.xml:95:13-98:29
180                <action android:name="android.intent.action.DEVICE_STORAGE_LOW" />
180-->[androidx.work:work-runtime:2.9.1] AndroidManifest.xml:96:17-83
180-->[androidx.work:work-runtime:2.9.1] AndroidManifest.xml:96:25-80
181                <action android:name="android.intent.action.DEVICE_STORAGE_OK" />
181-->[androidx.work:work-runtime:2.9.1] AndroidManifest.xml:97:17-82
181-->[androidx.work:work-runtime:2.9.1] AndroidManifest.xml:97:25-79
182            </intent-filter>
183        </receiver>
184        <receiver
184-->[androidx.work:work-runtime:2.9.1] AndroidManifest.xml:100:9-109:20
185            android:name="androidx.work.impl.background.systemalarm.ConstraintProxy$NetworkStateProxy"
185-->[androidx.work:work-runtime:2.9.1] AndroidManifest.xml:101:13-103
186            android:directBootAware="false"
186-->[androidx.work:work-runtime:2.9.1] AndroidManifest.xml:102:13-44
187            android:enabled="false"
187-->[androidx.work:work-runtime:2.9.1] AndroidManifest.xml:103:13-36
188            android:exported="false" >
188-->[androidx.work:work-runtime:2.9.1] AndroidManifest.xml:104:13-37
189            <intent-filter>
189-->[androidx.work:work-runtime:2.9.1] AndroidManifest.xml:106:13-108:29
190                <action android:name="android.net.conn.CONNECTIVITY_CHANGE" />
190-->[androidx.work:work-runtime:2.9.1] AndroidManifest.xml:107:17-79
190-->[androidx.work:work-runtime:2.9.1] AndroidManifest.xml:107:25-76
191            </intent-filter>
192        </receiver>
193        <receiver
193-->[androidx.work:work-runtime:2.9.1] AndroidManifest.xml:110:9-121:20
194            android:name="androidx.work.impl.background.systemalarm.RescheduleReceiver"
194-->[androidx.work:work-runtime:2.9.1] AndroidManifest.xml:111:13-88
195            android:directBootAware="false"
195-->[androidx.work:work-runtime:2.9.1] AndroidManifest.xml:112:13-44
196            android:enabled="false"
196-->[androidx.work:work-runtime:2.9.1] AndroidManifest.xml:113:13-36
197            android:exported="false" >
197-->[androidx.work:work-runtime:2.9.1] AndroidManifest.xml:114:13-37
198            <intent-filter>
198-->[androidx.work:work-runtime:2.9.1] AndroidManifest.xml:116:13-120:29
199                <action android:name="android.intent.action.BOOT_COMPLETED" />
199-->src\main\AndroidManifest.xml:78:17-79
199-->src\main\AndroidManifest.xml:78:25-76
200                <action android:name="android.intent.action.TIME_SET" />
200-->[androidx.work:work-runtime:2.9.1] AndroidManifest.xml:118:17-73
200-->[androidx.work:work-runtime:2.9.1] AndroidManifest.xml:118:25-70
201                <action android:name="android.intent.action.TIMEZONE_CHANGED" />
201-->[androidx.work:work-runtime:2.9.1] AndroidManifest.xml:119:17-81
201-->[androidx.work:work-runtime:2.9.1] AndroidManifest.xml:119:25-78
202            </intent-filter>
203        </receiver>
204        <receiver
204-->[androidx.work:work-runtime:2.9.1] AndroidManifest.xml:122:9-131:20
205            android:name="androidx.work.impl.background.systemalarm.ConstraintProxyUpdateReceiver"
205-->[androidx.work:work-runtime:2.9.1] AndroidManifest.xml:123:13-99
206            android:directBootAware="false"
206-->[androidx.work:work-runtime:2.9.1] AndroidManifest.xml:124:13-44
207            android:enabled="@bool/enable_system_alarm_service_default"
207-->[androidx.work:work-runtime:2.9.1] AndroidManifest.xml:125:13-72
208            android:exported="false" >
208-->[androidx.work:work-runtime:2.9.1] AndroidManifest.xml:126:13-37
209            <intent-filter>
209-->[androidx.work:work-runtime:2.9.1] AndroidManifest.xml:128:13-130:29
210                <action android:name="androidx.work.impl.background.systemalarm.UpdateProxies" />
210-->[androidx.work:work-runtime:2.9.1] AndroidManifest.xml:129:17-98
210-->[androidx.work:work-runtime:2.9.1] AndroidManifest.xml:129:25-95
211            </intent-filter>
212        </receiver>
213        <receiver
213-->[androidx.work:work-runtime:2.9.1] AndroidManifest.xml:132:9-142:20
214            android:name="androidx.work.impl.diagnostics.DiagnosticsReceiver"
214-->[androidx.work:work-runtime:2.9.1] AndroidManifest.xml:133:13-78
215            android:directBootAware="false"
215-->[androidx.work:work-runtime:2.9.1] AndroidManifest.xml:134:13-44
216            android:enabled="true"
216-->[androidx.work:work-runtime:2.9.1] AndroidManifest.xml:135:13-35
217            android:exported="true"
217-->[androidx.work:work-runtime:2.9.1] AndroidManifest.xml:136:13-36
218            android:permission="android.permission.DUMP" >
218-->[androidx.work:work-runtime:2.9.1] AndroidManifest.xml:137:13-57
219            <intent-filter>
219-->[androidx.work:work-runtime:2.9.1] AndroidManifest.xml:139:13-141:29
220                <action android:name="androidx.work.diagnostics.REQUEST_DIAGNOSTICS" />
220-->[androidx.work:work-runtime:2.9.1] AndroidManifest.xml:140:17-88
220-->[androidx.work:work-runtime:2.9.1] AndroidManifest.xml:140:25-85
221            </intent-filter>
222        </receiver>
223
224        <activity
224-->[com.google.firebase:firebase-auth:24.1.0] AndroidManifest.xml:29:9-46:20
225            android:name="com.google.firebase.auth.internal.GenericIdpActivity"
225-->[com.google.firebase:firebase-auth:24.1.0] AndroidManifest.xml:30:13-80
226            android:excludeFromRecents="true"
226-->[com.google.firebase:firebase-auth:24.1.0] AndroidManifest.xml:31:13-46
227            android:exported="true"
227-->[com.google.firebase:firebase-auth:24.1.0] AndroidManifest.xml:32:13-36
228            android:launchMode="singleTask"
228-->[com.google.firebase:firebase-auth:24.1.0] AndroidManifest.xml:33:13-44
229            android:theme="@android:style/Theme.Translucent.NoTitleBar" >
229-->[com.google.firebase:firebase-auth:24.1.0] AndroidManifest.xml:34:13-72
230            <intent-filter>
230-->[com.google.firebase:firebase-auth:24.1.0] AndroidManifest.xml:35:13-45:29
231                <action android:name="android.intent.action.VIEW" />
231-->[com.google.firebase:firebase-auth:24.1.0] AndroidManifest.xml:36:17-69
231-->[com.google.firebase:firebase-auth:24.1.0] AndroidManifest.xml:36:25-66
232
233                <category android:name="android.intent.category.DEFAULT" />
233-->[com.google.firebase:firebase-auth:24.1.0] AndroidManifest.xml:38:17-76
233-->[com.google.firebase:firebase-auth:24.1.0] AndroidManifest.xml:38:27-73
234                <category android:name="android.intent.category.BROWSABLE" />
234-->[com.google.firebase:firebase-auth:24.1.0] AndroidManifest.xml:39:17-78
234-->[com.google.firebase:firebase-auth:24.1.0] AndroidManifest.xml:39:27-75
235
236                <data
236-->[com.google.firebase:firebase-auth:24.1.0] AndroidManifest.xml:41:17-44:51
237                    android:host="firebase.auth"
237-->[com.google.firebase:firebase-auth:24.1.0] AndroidManifest.xml:42:21-49
238                    android:path="/"
238-->[com.google.firebase:firebase-auth:24.1.0] AndroidManifest.xml:43:21-37
239                    android:scheme="genericidp" />
239-->[com.google.firebase:firebase-auth:24.1.0] AndroidManifest.xml:44:21-48
240            </intent-filter>
241        </activity>
242        <activity
242-->[com.google.firebase:firebase-auth:24.1.0] AndroidManifest.xml:47:9-64:20
243            android:name="com.google.firebase.auth.internal.RecaptchaActivity"
243-->[com.google.firebase:firebase-auth:24.1.0] AndroidManifest.xml:48:13-79
244            android:excludeFromRecents="true"
244-->[com.google.firebase:firebase-auth:24.1.0] AndroidManifest.xml:49:13-46
245            android:exported="true"
245-->[com.google.firebase:firebase-auth:24.1.0] AndroidManifest.xml:50:13-36
246            android:launchMode="singleTask"
246-->[com.google.firebase:firebase-auth:24.1.0] AndroidManifest.xml:51:13-44
247            android:theme="@android:style/Theme.Translucent.NoTitleBar" >
247-->[com.google.firebase:firebase-auth:24.1.0] AndroidManifest.xml:52:13-72
248            <intent-filter>
248-->[com.google.firebase:firebase-auth:24.1.0] AndroidManifest.xml:53:13-63:29
249                <action android:name="android.intent.action.VIEW" />
249-->[com.google.firebase:firebase-auth:24.1.0] AndroidManifest.xml:36:17-69
249-->[com.google.firebase:firebase-auth:24.1.0] AndroidManifest.xml:36:25-66
250
251                <category android:name="android.intent.category.DEFAULT" />
251-->[com.google.firebase:firebase-auth:24.1.0] AndroidManifest.xml:38:17-76
251-->[com.google.firebase:firebase-auth:24.1.0] AndroidManifest.xml:38:27-73
252                <category android:name="android.intent.category.BROWSABLE" />
252-->[com.google.firebase:firebase-auth:24.1.0] AndroidManifest.xml:39:17-78
252-->[com.google.firebase:firebase-auth:24.1.0] AndroidManifest.xml:39:27-75
253
254                <data
254-->[com.google.firebase:firebase-auth:24.1.0] AndroidManifest.xml:41:17-44:51
255                    android:host="firebase.auth"
255-->[com.google.firebase:firebase-auth:24.1.0] AndroidManifest.xml:42:21-49
256                    android:path="/"
256-->[com.google.firebase:firebase-auth:24.1.0] AndroidManifest.xml:43:21-37
257                    android:scheme="recaptcha" />
257-->[com.google.firebase:firebase-auth:24.1.0] AndroidManifest.xml:44:21-48
258            </intent-filter>
259        </activity>
260
261        <service
261-->[com.google.firebase:firebase-auth:24.1.0] AndroidManifest.xml:66:9-72:19
262            android:name="com.google.firebase.components.ComponentDiscoveryService"
262-->[com.google.firebase:firebase-auth:24.1.0] AndroidManifest.xml:67:13-84
263            android:directBootAware="true"
263-->[com.google.firebase:firebase-common:22.1.0] AndroidManifest.xml:32:13-43
264            android:exported="false" >
264-->[com.google.firebase:firebase-auth:24.1.0] AndroidManifest.xml:68:13-37
265            <meta-data
265-->[com.google.firebase:firebase-auth:24.1.0] AndroidManifest.xml:69:13-71:85
266                android:name="com.google.firebase.components:com.google.firebase.auth.FirebaseAuthRegistrar"
266-->[com.google.firebase:firebase-auth:24.1.0] AndroidManifest.xml:70:17-109
267                android:value="com.google.firebase.components.ComponentRegistrar" />
267-->[com.google.firebase:firebase-auth:24.1.0] AndroidManifest.xml:71:17-82
268            <meta-data
268-->[com.google.firebase:firebase-firestore:26.4.0] AndroidManifest.xml:17:13-19:85
269                android:name="com.google.firebase.components:com.google.firebase.firestore.FirebaseFirestoreKtxRegistrar"
269-->[com.google.firebase:firebase-firestore:26.4.0] AndroidManifest.xml:18:17-122
270                android:value="com.google.firebase.components.ComponentRegistrar" />
270-->[com.google.firebase:firebase-firestore:26.4.0] AndroidManifest.xml:19:17-82
271            <meta-data
271-->[com.google.firebase:firebase-firestore:26.4.0] AndroidManifest.xml:20:13-22:85
272                android:name="com.google.firebase.components:com.google.firebase.firestore.FirestoreRegistrar"
272-->[com.google.firebase:firebase-firestore:26.4.0] AndroidManifest.xml:21:17-111
273                android:value="com.google.firebase.components.ComponentRegistrar" />
273-->[com.google.firebase:firebase-firestore:26.4.0] AndroidManifest.xml:22:17-82
274            <meta-data
274-->[com.google.firebase:firebase-messaging:25.1.0] AndroidManifest.xml:57:13-59:85
275                android:name="com.google.firebase.components:com.google.firebase.messaging.FirebaseMessagingKtxRegistrar"
275-->[com.google.firebase:firebase-messaging:25.1.0] AndroidManifest.xml:58:17-122
276                android:value="com.google.firebase.components.ComponentRegistrar" />
276-->[com.google.firebase:firebase-messaging:25.1.0] AndroidManifest.xml:59:17-82
277            <meta-data
277-->[com.google.firebase:firebase-messaging:25.1.0] AndroidManifest.xml:60:13-62:85